2017-03-09 07:21:35,887 WARN org.apache.hadoop.util.NativeCodeLoader: Unable to load native-hadoop library for your platform... using builtin-java classes where applicable
2017-03-09 07:21:36,358 INFO org.apache.hadoop.conf.Configuration.deprecation: session.id is deprecated. Instead, use dfs.metrics.session-id
2017-03-09 07:21:36,371 INFO org.apache.hadoop.metrics.jvm.JvmMetrics: Initializing JVM Metrics with processName=JobTracker, sessionId=
2017-03-09 07:21:36,858 WARN org.apache.hadoop.mapreduce.JobResourceUploader: No job jar file set.  User classes may not be found. See Job or Job#setJar(String).
2017-03-09 07:21:36,873 INFO org.apache.hadoop.mapreduce.lib.input.FileInputFormat: Total input paths to process : 1
2017-03-09 07:21:36,921 INFO org.apache.hadoop.mapreduce.JobSubmitter: number of splits:1
2017-03-09 07:21:36,937 INFO org.apache.hadoop.conf.Configuration.deprecation: mapreduce.job.counters.limit is deprecated. Instead, use mapreduce.job.counters.max
2017-03-09 07:21:36,939 INFO org.apache.hadoop.conf.Configuration.deprecation: io.bytes.per.checksum is deprecated. Instead, use dfs.bytes-per-checksum
2017-03-09 07:21:37,195 INFO org.apache.hadoop.mapreduce.JobSubmitter: Submitting tokens for job: job_local888335587_0001
2017-03-09 07:21:37,730 INFO org.apache.hadoop.mapreduce.Job: The url to track the job: http://localhost:8080/
2017-03-09 07:21:37,731 INFO org.apache.hadoop.mapreduce.Job: Running job: job_local888335587_0001
2017-03-09 07:21:37,733 INFO org.apache.hadoop.mapred.LocalJobRunner: OutputCommitter set in config null
2017-03-09 07:21:37,765 INFO org.apache.hadoop.mapreduce.lib.output.FileOutputCommitter: File Output Committer Algorithm version is 1
2017-03-09 07:21:37,778 INFO org.apache.hadoop.mapred.LocalJobRunner: OutputCommitter is org.apache.hadoop.mapreduce.lib.output.FileOutputCommitter
2017-03-09 07:21:37,949 INFO org.apache.hadoop.mapred.LocalJobRunner: Waiting for map tasks
2017-03-09 07:21:37,954 INFO org.apache.hadoop.mapred.LocalJobRunner: Starting task: attempt_local888335587_0001_m_000000_0
2017-03-09 07:21:38,077 INFO org.apache.hadoop.mapreduce.lib.output.FileOutputCommitter: File Output Committer Algorithm version is 1
2017-03-09 07:21:38,123 INFO org.apache.hadoop.mapred.Task:  Using ResourceCalculatorProcessTree : [ ]
2017-03-09 07:21:38,126 INFO org.apache.hadoop.mapred.MapTask: Processing split: file:/home/cloudera/workspace/BDPA_Assign2_GISLAS/pg100.txt:0+5589886
2017-03-09 07:21:38,217 INFO org.apache.hadoop.mapred.MapTask: (EQUATOR) 0 kvi 26214396(104857584)
2017-03-09 07:21:38,217 INFO org.apache.hadoop.mapred.MapTask: mapreduce.task.io.sort.mb: 100
2017-03-09 07:21:38,217 INFO org.apache.hadoop.mapred.MapTask: soft limit at 83886080
2017-03-09 07:21:38,217 INFO org.apache.hadoop.mapred.MapTask: bufstart = 0; bufvoid = 104857600
2017-03-09 07:21:38,217 INFO org.apache.hadoop.mapred.MapTask: kvstart = 26214396; length = 6553600
2017-03-09 07:21:38,229 INFO org.apache.hadoop.mapred.MapTask: Map output collector class = org.apache.hadoop.mapred.MapTask$MapOutputBuffer
2017-03-09 07:21:38,733 INFO org.apache.hadoop.mapreduce.Job: Job job_local888335587_0001 running in uber mode : false
2017-03-09 07:21:38,734 INFO org.apache.hadoop.mapreduce.Job:  map 0% reduce 0%
2017-03-09 07:21:39,580 INFO org.apache.hadoop.mapred.LocalJobRunner: 
2017-03-09 07:21:39,581 INFO org.apache.hadoop.mapred.MapTask: Starting flush of map output
2017-03-09 07:21:39,581 INFO org.apache.hadoop.mapred.MapTask: Spilling map output
2017-03-09 07:21:39,581 INFO org.apache.hadoop.mapred.MapTask: bufstart = 0; bufend = 6456699; bufvoid = 104857600
2017-03-09 07:21:39,581 INFO org.apache.hadoop.mapred.MapTask: kvstart = 26214396(104857584); kvend = 24418648(97674592); length = 1795749/6553600
2017-03-09 07:21:40,324 INFO org.apache.hadoop.mapred.MapTask: Finished spill 0
2017-03-09 07:21:40,326 INFO org.apache.hadoop.mapred.Task: Task:attempt_local888335587_0001_m_000000_0 is done. And is in the process of committing
2017-03-09 07:21:40,332 INFO org.apache.hadoop.mapred.LocalJobRunner: map
2017-03-09 07:21:40,332 INFO org.apache.hadoop.mapred.Task: Task 'attempt_local888335587_0001_m_000000_0' done.
2017-03-09 07:21:40,332 INFO org.apache.hadoop.mapred.LocalJobRunner: Finishing task: attempt_local888335587_0001_m_000000_0
2017-03-09 07:21:40,332 INFO org.apache.hadoop.mapred.LocalJobRunner: map task executor complete.
2017-03-09 07:21:40,340 INFO org.apache.hadoop.mapred.LocalJobRunner: Waiting for reduce tasks
2017-03-09 07:21:40,341 INFO org.apache.hadoop.mapred.LocalJobRunner: Starting task: attempt_local888335587_0001_r_000000_0
2017-03-09 07:21:40,346 INFO org.apache.hadoop.mapreduce.lib.output.FileOutputCommitter: File Output Committer Algorithm version is 1
2017-03-09 07:21:40,347 INFO org.apache.hadoop.mapred.Task:  Using ResourceCalculatorProcessTree : [ ]
2017-03-09 07:21:40,349 INFO org.apache.hadoop.mapred.ReduceTask: Using ShuffleConsumerPlugin: org.apache.hadoop.mapreduce.task.reduce.Shuffle@5aee58a1
2017-03-09 07:21:40,359 INFO org.apache.hadoop.mapreduce.task.reduce.MergeManagerImpl: MergerManager: memoryLimit=679778688, maxSingleShuffleLimit=169944672, mergeThreshold=448653952, ioSortFactor=10, memToMemMergeOutputsThreshold=10
2017-03-09 07:21:40,364 INFO org.apache.hadoop.mapreduce.task.reduce.EventFetcher: attempt_local888335587_0001_r_000000_0 Thread started: EventFetcher for fetching Map Completion Events
2017-03-09 07:21:40,393 INFO org.apache.hadoop.mapreduce.task.reduce.LocalFetcher: localfetcher#1 about to shuffle output of map attempt_local888335587_0001_m_000000_0 decomp: 7354577 len: 7354581 to MEMORY
2017-03-09 07:21:40,412 INFO org.apache.hadoop.mapreduce.task.reduce.InMemoryMapOutput: Read 7354577 bytes from map-output for attempt_local888335587_0001_m_000000_0
2017-03-09 07:21:40,413 INFO org.apache.hadoop.mapreduce.task.reduce.MergeManagerImpl: closeInMemoryFile -> map-output of size: 7354577, inMemoryMapOutputs.size() -> 1, commitMemory -> 0, usedMemory ->7354577
2017-03-09 07:21:40,414 INFO org.apache.hadoop.mapreduce.task.reduce.EventFetcher: EventFetcher is interrupted.. Returning
2017-03-09 07:21:40,416 INFO org.apache.hadoop.mapred.LocalJobRunner: 1 / 1 copied.
2017-03-09 07:21:40,416 INFO org.apache.hadoop.mapreduce.task.reduce.MergeManagerImpl: finalMerge called with 1 in-memory map-outputs and 0 on-disk map-outputs
2017-03-09 07:21:40,420 INFO org.apache.hadoop.mapred.Merger: Merging 1 sorted segments
2017-03-09 07:21:40,421 INFO org.apache.hadoop.mapred.Merger: Down to the last merge-pass, with 1 segments left of total size: 7354573 bytes
2017-03-09 07:21:40,743 INFO org.apache.hadoop.mapreduce.Job:  map 100% reduce 0%
2017-03-09 07:21:40,820 INFO org.apache.hadoop.mapreduce.task.reduce.MergeManagerImpl: Merged 1 segments, 7354577 bytes to disk to satisfy reduce memory limit
2017-03-09 07:21:40,820 INFO org.apache.hadoop.mapreduce.task.reduce.MergeManagerImpl: Merging 1 files, 7354581 bytes from disk
2017-03-09 07:21:40,821 INFO org.apache.hadoop.mapreduce.task.reduce.MergeManagerImpl: Merging 0 segments, 0 bytes from memory into reduce
2017-03-09 07:21:40,821 INFO org.apache.hadoop.mapred.Merger: Merging 1 sorted segments
2017-03-09 07:21:40,822 INFO org.apache.hadoop.mapred.Merger: Down to the last merge-pass, with 1 segments left of total size: 7354573 bytes
2017-03-09 07:21:40,822 INFO org.apache.hadoop.mapred.LocalJobRunner: 1 / 1 copied.
2017-03-09 07:21:40,834 INFO org.apache.hadoop.conf.Configuration.deprecation: mapred.skip.on is deprecated. Instead, use mapreduce.job.skiprecords
2017-03-09 07:21:42,985 INFO org.apache.hadoop.mapred.Task: Task:attempt_local888335587_0001_r_000000_0 is done. And is in the process of committing
2017-03-09 07:21:42,990 INFO org.apache.hadoop.mapred.LocalJobRunner: 1 / 1 copied.
2017-03-09 07:21:42,990 INFO org.apache.hadoop.mapred.Task: Task attempt_local888335587_0001_r_000000_0 is allowed to commit now
2017-03-09 07:21:42,995 INFO org.apache.hadoop.mapreduce.lib.output.FileOutputCommitter: Saved output of task 'attempt_local888335587_0001_r_000000_0' to file:/home/cloudera/workspace/BDPA_Assign2_GISLAS/output/_temporary/0/task_local888335587_0001_r_000000
2017-03-09 07:21:42,995 INFO org.apache.hadoop.mapred.LocalJobRunner: reduce > reduce
2017-03-09 07:21:42,995 INFO org.apache.hadoop.mapred.Task: Task 'attempt_local888335587_0001_r_000000_0' done.
2017-03-09 07:21:42,995 INFO org.apache.hadoop.mapred.LocalJobRunner: Finishing task: attempt_local888335587_0001_r_000000_0
2017-03-09 07:21:42,996 INFO org.apache.hadoop.mapred.LocalJobRunner: reduce task executor complete.
2017-03-09 07:21:43,785 INFO org.apache.hadoop.mapreduce.Job:  map 100% reduce 100%
2017-03-09 07:21:43,786 INFO org.apache.hadoop.mapreduce.Job: Job job_local888335587_0001 completed successfully
2017-03-09 07:21:43,796 INFO org.apache.hadoop.mapreduce.Job: Counters: 30
	File System Counters
		FILE: Number of bytes read=25892266
		FILE: Number of bytes written=26165856
		FILE: Number of read operations=0
		FILE: Number of large read operations=0
		FILE: Number of write operations=0
	Map-Reduce Framework
		Map input records=124787
		Map output records=448938
		Map output bytes=6456699
		Map output materialized bytes=7354581
		Input split bytes=124
		Combine input records=0
		Combine output records=0
		Reduce input groups=23876
		Reduce shuffle bytes=7354581
		Reduce input records=448938
		Reduce output records=114509
		Spilled Records=897876
		Shuffled Maps =1
		Failed Shuffles=0
		Merged Map outputs=1
		GC time elapsed (ms)=596
		Total committed heap usage (bytes)=378413056
	Shuffle Errors
		BAD_ID=0
		CONNECTION=0
		IO_ERROR=0
		WRONG_LENGTH=0
		WRONG_MAP=0
		WRONG_REDUCE=0
	File Input Format Counters 
		Bytes Read=5589886
	File Output Format Counters 
		Bytes Written=3549989
